d:\c\shooting\shooting\debug\vc141.pdb
d:\c\shooting\shooting\debug\vc141.idb
d:\c\shooting\shooting\debug\shooting.pch
d:\c\shooting\shooting\debug\pch.obj
d:\c\shooting\shooting\debug\player.obj
d:\c\shooting\shooting\debug\unit.obj
d:\c\shooting\shooting\debug\gamescene.obj
d:\c\shooting\shooting\debug\main.obj
d:\c\shooting\debug\shooting.ilk
d:\c\shooting\debug\shooting.exe
d:\c\shooting\debug\shooting.pdb
c:\users\pc\desktop\shooting\shooting\debug\gamescene.obj
c:\users\pc\desktop\shooting\shooting\debug\main.obj
c:\users\pc\desktop\shooting\shooting\debug\pch.obj
c:\users\pc\desktop\shooting\shooting\debug\player.obj
c:\users\pc\desktop\shooting\shooting\debug\unit.obj
c:\users\pc\desktop\shooting\shooting\debug\shooting.pch
c:\users\pc\desktop\shooting\shooting\debug\vc141.idb
c:\users\pc\desktop\shooting\shooting\debug\vc141.pdb
c:\users\pc\desktop\shooting\debug\shooting.pdb
c:\users\pc\desktop\shooting\debug\shooting.exe
c:\users\pc\desktop\shooting\debug\shooting.ilk
c:\users\pc\desktop\shooting\shooting\debug\shooting.tlog\cl.command.1.tlog
c:\users\pc\desktop\shooting\shooting\debug\shooting.tlog\cl.read.1.tlog
c:\users\pc\desktop\shooting\shooting\debug\shooting.tlog\cl.write.1.tlog
c:\users\pc\desktop\shooting\shooting\debug\shooting.tlog\link.command.1.tlog
c:\users\pc\desktop\shooting\shooting\debug\shooting.tlog\link.read.1.tlog
c:\users\pc\desktop\shooting\shooting\debug\shooting.tlog\link.write.1.tlog
